<?xml version="1.0" encoding="UTF-8"?>
<testng-results total="1" passed="1" failed="0" skipped="0">
  <reporter-output>
  </reporter-output>
  <suite started-at="2023-10-23T21:04:35Z" name="Suite" finished-at="2023-10-23T21:04:46Z" duration-ms="10959">
    <groups>
    </groups>
    <test started-at="2023-10-23T21:04:35Z" name="Test" finished-at="2023-10-23T21:04:46Z" duration-ms="10959">
      <class name="stepDefinition.Verificiation_CICD">
        <test-method is-config="true" signature="open_browser()[pri:0, instance:stepDefinition.Verificiation_CICD@15ca7889]" started-at="2023-10-23T22:04:35Z" name="open_browser" finished-at="2023-10-23T22:04:40Z" duration-ms="5244" status="PASS">
          <reporter-output>
          </reporter-output>
        </test-method> <!-- open_browser -->
        <test-method signature="utilisateur_est_sur_la_page_d_acceuil()[pri:0, instance:stepDefinition.Verificiation_CICD@15ca7889]" started-at="2023-10-23T22:04:40Z" name="utilisateur_est_sur_la_page_d_acceuil" finished-at="2023-10-23T22:04:45Z" duration-ms="5024" status="PASS">
          <reporter-output>
          </reporter-output>
        </test-method> <!-- utilisateur_est_sur_la_page_d_acceuil -->
        <test-method is-config="true" signature="close_browser()[pri:0, instance:stepDefinition.Verificiation_CICD@15ca7889]" started-at="2023-10-23T22:04:45Z" name="close_browser" finished-at="2023-10-23T22:04:46Z" duration-ms="655" status="PASS">
          <reporter-output>
          </reporter-output>
        </test-method> <!-- close_browser -->
      </class> <!-- stepDefinition.Verificiation_CICD -->
    </test> <!-- Test -->
  </suite> <!-- Suite -->
</testng-results>
